<?xml version="1.0" encoding="UTF-8"?>
<!-- Generated by org.testng.reporters.JUnitReportReporter -->
<testsuite hostname="DESKTOP-9NRIQ1G" failures="0" tests="1" name="com.smarten.testclass.Test1" time="91.365" errors="0" timestamp="2024-04-07T14:49:18 IST" skipped="0">
  <testcase classname="com.smarten.testclass.Test1" name="Task_allocation" time="91.365"/>
  <system-out>
    <![CDATA[Browser open
Enter URL
Login Successfull
Log Out Account
Browser Close]]>
  </system-out>
</testsuite> <!-- com.smarten.testclass.Test1 -->
